<?xml version="1.0" encoding="UTF-8"?>
<testsuite xmlns:xsi="http://www.w3.org/2001/XMLSchema-instance" xsi:noNamespaceSchemaLocation="https://maven.apache.org/surefire/maven-surefire-plugin/xsd/surefire-test-report-3.0.xsd" version="3.0" name="com.epam.mjc.nio.FileReaderTest" time="0.118" tests="4" errors="0" skipped="0" failures="0">
  <properties>
    <property name="java.specification.version" value="21"/>
    <property name="sun.cpu.isalist" value="amd64"/>
    <property name="sun.jnu.encoding" value="Cp1252"/>
    <property name="java.class.path" value="C:\Users\konst\OneDrive\Desktop\GithubClonedProjects\stage1-module7-nio-task1\target\test-classes;C:\Users\konst\OneDrive\Desktop\GithubClonedProjects\stage1-module7-nio-task1\target\classes;C:\Users\konst\.m2\repository\junit\junit\4.13.2\junit-4.13.2.jar;C:\Users\konst\.m2\repository\org\hamcrest\hamcrest-core\1.3\hamcrest-core-1.3.jar;C:\Users\konst\.m2\repository\org\apache\commons\commons-lang3\3.12.0\commons-lang3-3.12.0.jar;C:\Users\konst\.m2\repository\commons-io\commons-io\2.11.0\commons-io-2.11.0.jar;"/>
    <property name="java.vm.vendor" value="Oracle Corporation"/>
    <property name="sun.arch.data.model" value="64"/>
    <property name="user.variant" value=""/>
    <property name="java.vendor.url" value="https://java.oracle.com/"/>
    <property name="user.timezone" value="Asia/Tbilisi"/>
    <property name="user.country.format" value="GE"/>
    <property name="os.name" value="Windows 11"/>
    <property name="java.vm.specification.version" value="21"/>
    <property name="sun.java.launcher" value="SUN_STANDARD"/>
    <property name="user.country" value="US"/>
    <property name="sun.boot.library.path" value="C:\Program Files\Java\jdk-21\bin"/>
    <property name="sun.java.command" value="C:\Users\konst\AppData\Local\Temp\surefire4944034231639367461\surefirebooter-20250615145156190_3.jar C:\Users\konst\AppData\Local\Temp\surefire4944034231639367461 2025-06-15T14-51-56_022-jvmRun1 surefire-20250615145156190_1tmp surefire_0-20250615145156190_2tmp"/>
    <property name="jdk.debug" value="release"/>
    <property name="surefire.test.class.path" value="C:\Users\konst\OneDrive\Desktop\GithubClonedProjects\stage1-module7-nio-task1\target\test-classes;C:\Users\konst\OneDrive\Desktop\GithubClonedProjects\stage1-module7-nio-task1\target\classes;C:\Users\konst\.m2\repository\junit\junit\4.13.2\junit-4.13.2.jar;C:\Users\konst\.m2\repository\org\hamcrest\hamcrest-core\1.3\hamcrest-core-1.3.jar;C:\Users\konst\.m2\repository\org\apache\commons\commons-lang3\3.12.0\commons-lang3-3.12.0.jar;C:\Users\konst\.m2\repository\commons-io\commons-io\2.11.0\commons-io-2.11.0.jar;"/>
    <property name="sun.cpu.endian" value="little"/>
    <property name="user.home" value="C:\Users\konst"/>
    <property name="user.language" value="en"/>
    <property name="java.specification.vendor" value="Oracle Corporation"/>
    <property name="java.version.date" value="2024-01-16"/>
    <property name="java.home" value="C:\Program Files\Java\jdk-21"/>
    <property name="file.separator" value="\"/>
    <property name="basedir" value="C:\Users\konst\OneDrive\Desktop\GithubClonedProjects\stage1-module7-nio-task1"/>
    <property name="java.vm.compressedOopsMode" value="Zero based"/>
    <property name="line.separator" value="&#10;"/>
    <property name="java.vm.specification.vendor" value="Oracle Corporation"/>
    <property name="java.specification.name" value="Java Platform API Specification"/>
    <property name="surefire.real.class.path" value="C:\Users\konst\AppData\Local\Temp\surefire4944034231639367461\surefirebooter-20250615145156190_3.jar"/>
    <property name="user.script" value=""/>
    <property name="sun.management.compiler" value="HotSpot 64-Bit Tiered Compilers"/>
    <property name="java.runtime.version" value="21.0.2+13-LTS-58"/>
    <property name="user.name" value="konst"/>
    <property name="stdout.encoding" value="Cp1252"/>
    <property name="path.separator" value=";"/>
    <property name="os.version" value="10.0"/>
    <property name="java.runtime.name" value="Java(TM) SE Runtime Environment"/>
    <property name="file.encoding" value="UTF-8"/>
    <property name="java.vm.name" value="Java HotSpot(TM) 64-Bit Server VM"/>
    <property name="localRepository" value="C:\Users\konst\.m2\repository"/>
    <property name="java.vendor.url.bug" value="https://bugreport.java.com/bugreport/"/>
    <property name="java.io.tmpdir" value="C:\Users\konst\AppData\Local\Temp\"/>
    <property name="java.version" value="21.0.2"/>
    <property name="user.dir" value="C:\Users\konst\OneDrive\Desktop\GithubClonedProjects\stage1-module7-nio-task1"/>
    <property name="os.arch" value="amd64"/>
    <property name="java.vm.specification.name" value="Java Virtual Machine Specification"/>
    <property name="user.language.format" value="ka"/>
    <property name="sun.os.patch.level" value=""/>
    <property name="native.encoding" value="Cp1252"/>
    <property name="java.library.path" value="C:\Program Files\Java\jdk-21\bin;C:\WINDOWS\Sun\Java\bin;C:\WINDOWS\system32;C:\WINDOWS;C:\Users\konst\.cargo\bin;C:\Program Files (x86)\VMware\VMware Workstation\bin\;C:\Program Files\Common Files\Oracle\Java\javapath;C:\WINDOWS\system32;C:\WINDOWS;C:\WINDOWS\System32\Wbem;C:\WINDOWS\System32\WindowsPowerShell\v1.0\;C:\WINDOWS\System32\OpenSSH\;C:\Program Files\Git\cmd;C:\Program Files\apache-maven-3.9.6-bin\apache-maven-3.9.6\bin;C:\ProgramData\chocolatey\bin;C:\Users\konst\.cargo\bin;C:\Users\konst\AppData\Local\Programs\Python\Launcher\;C:\Users\konst\AppData\Local\Microsoft\WindowsApps;C:\Users\konst\AppData\Local\Microsoft\WindowsApps;C:\Users\konst\AppData\Local\Programs\mongosh\;C:\Users\konst\AppData\Roaming\JetBrains\IntelliJIdea2023.3\node\node-v18.15.0-win-x64\node.exe;C:\Program Files\Neovim\bin;C:\Program Files\nodejs\;C:\Program Files (x86)\Go\bin;C:\Program Files\GitHub CLI\;C:\Users\konst\.cargo\bin;C:\Users\konst\AppData\Local\Microsoft\WindowsApps;C:\Users\konst\AppData\Local\Microsoft\WindowsApps;C:\Users\konst\AppData\Local\Programs\mongosh\;C:\Users\konst\AppData\Roaming\JetBrains\IntelliJIdea2023.3\node\node-v18.15.0-win-x64;C:\Users\konst\AppData\Local\Programs\cursor\resources\app\bin;C:\Users\konst\AppData\Local\Temp\ES-1.1.0.27.x64;C:\Users\konst\AppData\Roaming\npm;C:\Users\konst\go\bin;;."/>
    <property name="java.vm.info" value="mixed mode, sharing"/>
    <property name="stderr.encoding" value="Cp1252"/>
    <property name="java.vendor" value="Oracle Corporation"/>
    <property name="java.vm.version" value="21.0.2+13-LTS-58"/>
    <property name="sun.io.unicode.encoding" value="UnicodeLittle"/>
    <property name="java.class.version" value="65.0"/>
  </properties>
  <testcase name="testCodeHasNio" classname="com.epam.mjc.nio.FileReaderTest" time="0.01"/>
  <testcase name="testProgramReadsDataCorrectly" classname="com.epam.mjc.nio.FileReaderTest" time="0.001"/>
  <testcase name="testCodeWithoutExternalUtils" classname="com.epam.mjc.nio.FileReaderTest" time="0.006"/>
  <testcase name="testCodeHasStreamClosing" classname="com.epam.mjc.nio.FileReaderTest" time="0.0"/>
</testsuite>